<?xml version="1.0" encoding="UTF-8"?>
<testng-results skipped="0" failed="0" total="5" passed="5">
  <reporter-output>
  </reporter-output>
  <suite name="TestNGSpringIntegration Suite" duration-ms="743" started-at="2015-02-26T13:16:42Z" finished-at="2015-02-26T13:16:43Z">
    <groups>
    </groups>
    <test name="TestNGSpringIntegrationTest" duration-ms="743" started-at="2015-02-26T13:16:42Z" finished-at="2015-02-26T13:16:43Z">
      <class name="com.javacodegeeks.testng.spring.SpringTestNGTransactionExample">
        <test-method status="PASS" signature="springTestContextBeforeTestClass()[pri:0, instance:com.javacodegeeks.testng.spring.SpringTestNGTransactionExample@6fd02e5]" name="springTestContextBeforeTestClass" is-config="true" duration-ms="5" started-at="2015-02-26T18:46:42Z" finished-at="2015-02-26T18:46:42Z">
          <reporter-output>
          </reporter-output>
        </test-method> <!-- springTestContextBeforeTestClass -->
        <test-method status="PASS" signature="springTestContextPrepareTestInstance()[pri:0, instance:com.javacodegeeks.testng.spring.SpringTestNGTransactionExample@6fd02e5]" name="springTestContextPrepareTestInstance" is-config="true" duration-ms="526" started-at="2015-02-26T18:46:42Z" depends-on-methods="org.springframework.test.context.testng.AbstractTestNGSpringContextTests.springTestContextBeforeTestClass" finished-at="2015-02-26T18:46:42Z">
          <reporter-output>
          </reporter-output>
        </test-method> <!-- springTestContextPrepareTestInstance -->
        <test-method status="PASS" signature="springTestContextBeforeTestMethod(java.lang.reflect.Method)[pri:0, instance:com.javacodegeeks.testng.spring.SpringTestNGTransactionExample@6fd02e5]" name="springTestContextBeforeTestMethod" is-config="true" duration-ms="35" started-at="2015-02-26T18:46:42Z" finished-at="2015-02-26T18:46:42Z">
          <params>
            <param index="0">
              <value>
                <![CDATA[public void com.javacodegeeks.testng.spring.SpringTestNGTransactionExample.insertEmployeeAndCommit()]]>
              </value>
            </param>
          </params>
          <reporter-output>
          </reporter-output>
        </test-method> <!-- springTestContextBeforeTestMethod -->
        <test-method status="PASS" signature="insertEmployeeAndCommit()[pri:0, instance:com.javacodegeeks.testng.spring.SpringTestNGTransactionExample@6fd02e5]" name="insertEmployeeAndCommit" duration-ms="27" started-at="2015-02-26T18:46:42Z" finished-at="2015-02-26T18:46:43Z">
          <reporter-output>
          </reporter-output>
        </test-method> <!-- insertEmployeeAndCommit -->
        <test-method status="PASS" signature="saveMethodName(java.lang.reflect.Method)[pri:0, instance:com.javacodegeeks.testng.spring.SpringTestNGTransactionExample@6fd02e5]" name="saveMethodName" is-config="true" duration-ms="0" started-at="2015-02-26T18:46:42Z" finished-at="2015-02-26T18:46:42Z">
          <params>
            <param index="0">
              <value>
                <![CDATA[public void com.javacodegeeks.testng.spring.SpringTestNGTransactionExample.insertEmployeeAndCommit()]]>
              </value>
            </param>
          </params>
          <reporter-output>
          </reporter-output>
        </test-method> <!-- saveMethodName -->
        <test-method status="PASS" signature="springTestContextAfterTestMethod(java.lang.reflect.Method)[pri:0, instance:com.javacodegeeks.testng.spring.SpringTestNGTransactionExample@6fd02e5]" name="springTestContextAfterTestMethod" is-config="true" duration-ms="7" started-at="2015-02-26T18:46:43Z" finished-at="2015-02-26T18:46:43Z">
          <params>
            <param index="0">
              <value>
                <![CDATA[public void com.javacodegeeks.testng.spring.SpringTestNGTransactionExample.insertEmployeeAndCommit()]]>
              </value>
            </param>
          </params>
          <reporter-output>
          </reporter-output>
        </test-method> <!-- springTestContextAfterTestMethod -->
        <test-method status="PASS" signature="springTestContextBeforeTestMethod(java.lang.reflect.Method)[pri:0, instance:com.javacodegeeks.testng.spring.SpringTestNGTransactionExample@6fd02e5]" name="springTestContextBeforeTestMethod" is-config="true" duration-ms="33" started-at="2015-02-26T18:46:43Z" finished-at="2015-02-26T18:46:43Z">
          <params>
            <param index="0">
              <value>
                <![CDATA[public void com.javacodegeeks.testng.spring.SpringTestNGTransactionExample.insertEmployeeUsingSqlAnnotation()]]>
              </value>
            </param>
          </params>
          <reporter-output>
          </reporter-output>
        </test-method> <!-- springTestContextBeforeTestMethod -->
        <test-method status="PASS" signature="saveMethodName(java.lang.reflect.Method)[pri:0, instance:com.javacodegeeks.testng.spring.SpringTestNGTransactionExample@6fd02e5]" name="saveMethodName" is-config="true" duration-ms="0" started-at="2015-02-26T18:46:43Z" finished-at="2015-02-26T18:46:43Z">
          <params>
            <param index="0">
              <value>
                <![CDATA[public void com.javacodegeeks.testng.spring.SpringTestNGTransactionExample.insertEmployeeUsingSqlAnnotation()]]>
              </value>
            </param>
          </params>
          <reporter-output>
          </reporter-output>
        </test-method> <!-- saveMethodName -->
        <test-method status="PASS" signature="insertEmployeeUsingSqlAnnotation()[pri:0, instance:com.javacodegeeks.testng.spring.SpringTestNGTransactionExample@6fd02e5]" name="insertEmployeeUsingSqlAnnotation" duration-ms="1" started-at="2015-02-26T18:46:43Z" finished-at="2015-02-26T18:46:43Z">
          <reporter-output>
          </reporter-output>
        </test-method> <!-- insertEmployeeUsingSqlAnnotation -->
        <test-method status="PASS" signature="springTestContextAfterTestMethod(java.lang.reflect.Method)[pri:0, instance:com.javacodegeeks.testng.spring.SpringTestNGTransactionExample@6fd02e5]" name="springTestContextAfterTestMethod" is-config="true" duration-ms="7" started-at="2015-02-26T18:46:43Z" finished-at="2015-02-26T18:46:43Z">
          <params>
            <param index="0">
              <value>
                <![CDATA[public void com.javacodegeeks.testng.spring.SpringTestNGTransactionExample.insertEmployeeUsingSqlAnnotation()]]>
              </value>
            </param>
          </params>
          <reporter-output>
          </reporter-output>
        </test-method> <!-- springTestContextAfterTestMethod -->
        <test-method status="PASS" signature="springTestContextBeforeTestMethod(java.lang.reflect.Method)[pri:0, instance:com.javacodegeeks.testng.spring.SpringTestNGTransactionExample@6fd02e5]" name="springTestContextBeforeTestMethod" is-config="true" duration-ms="21" started-at="2015-02-26T18:46:43Z" finished-at="2015-02-26T18:46:43Z">
          <params>
            <param index="0">
              <value>
                <![CDATA[public void com.javacodegeeks.testng.spring.SpringTestNGTransactionExample.insertEmployeeWithCommitAsDefault()]]>
              </value>
            </param>
          </params>
          <reporter-output>
          </reporter-output>
        </test-method> <!-- springTestContextBeforeTestMethod -->
        <test-method status="PASS" signature="insertEmployeeWithCommitAsDefault()[pri:0, instance:com.javacodegeeks.testng.spring.SpringTestNGTransactionExample@6fd02e5]" name="insertEmployeeWithCommitAsDefault" duration-ms="2" started-at="2015-02-26T18:46:43Z" finished-at="2015-02-26T18:46:43Z">
          <reporter-output>
          </reporter-output>
        </test-method> <!-- insertEmployeeWithCommitAsDefault -->
        <test-method status="PASS" signature="saveMethodName(java.lang.reflect.Method)[pri:0, instance:com.javacodegeeks.testng.spring.SpringTestNGTransactionExample@6fd02e5]" name="saveMethodName" is-config="true" duration-ms="0" started-at="2015-02-26T18:46:43Z" finished-at="2015-02-26T18:46:43Z">
          <params>
            <param index="0">
              <value>
                <![CDATA[public void com.javacodegeeks.testng.spring.SpringTestNGTransactionExample.insertEmployeeWithCommitAsDefault()]]>
              </value>
            </param>
          </params>
          <reporter-output>
          </reporter-output>
        </test-method> <!-- saveMethodName -->
        <test-method status="PASS" signature="springTestContextAfterTestMethod(java.lang.reflect.Method)[pri:0, instance:com.javacodegeeks.testng.spring.SpringTestNGTransactionExample@6fd02e5]" name="springTestContextAfterTestMethod" is-config="true" duration-ms="7" started-at="2015-02-26T18:46:43Z" finished-at="2015-02-26T18:46:43Z">
          <params>
            <param index="0">
              <value>
                <![CDATA[public void com.javacodegeeks.testng.spring.SpringTestNGTransactionExample.insertEmployeeWithCommitAsDefault()]]>
              </value>
            </param>
          </params>
          <reporter-output>
          </reporter-output>
        </test-method> <!-- springTestContextAfterTestMethod -->
        <test-method status="PASS" signature="springTestContextBeforeTestMethod(java.lang.reflect.Method)[pri:0, instance:com.javacodegeeks.testng.spring.SpringTestNGTransactionExample@6fd02e5]" name="springTestContextBeforeTestMethod" is-config="true" duration-ms="29" started-at="2015-02-26T18:46:43Z" finished-at="2015-02-26T18:46:43Z">
          <params>
            <param index="0">
              <value>
                <![CDATA[public void com.javacodegeeks.testng.spring.SpringTestNGTransactionExample.insertEmployeeWithRollbackAsDefault()]]>
              </value>
            </param>
          </params>
          <reporter-output>
          </reporter-output>
        </test-method> <!-- springTestContextBeforeTestMethod -->
        <test-method status="PASS" signature="saveMethodName(java.lang.reflect.Method)[pri:0, instance:com.javacodegeeks.testng.spring.SpringTestNGTransactionExample@6fd02e5]" name="saveMethodName" is-config="true" duration-ms="1" started-at="2015-02-26T18:46:43Z" finished-at="2015-02-26T18:46:43Z">
          <params>
            <param index="0">
              <value>
                <![CDATA[public void com.javacodegeeks.testng.spring.SpringTestNGTransactionExample.insertEmployeeWithRollbackAsDefault()]]>
              </value>
            </param>
          </params>
          <reporter-output>
          </reporter-output>
        </test-method> <!-- saveMethodName -->
        <test-method status="PASS" signature="insertEmployeeWithRollbackAsDefault()[pri:0, instance:com.javacodegeeks.testng.spring.SpringTestNGTransactionExample@6fd02e5]" name="insertEmployeeWithRollbackAsDefault" duration-ms="1" started-at="2015-02-26T18:46:43Z" finished-at="2015-02-26T18:46:43Z">
          <reporter-output>
          </reporter-output>
        </test-method> <!-- insertEmployeeWithRollbackAsDefault -->
        <test-method status="PASS" signature="springTestContextAfterTestMethod(java.lang.reflect.Method)[pri:0, instance:com.javacodegeeks.testng.spring.SpringTestNGTransactionExample@6fd02e5]" name="springTestContextAfterTestMethod" is-config="true" duration-ms="7" started-at="2015-02-26T18:46:43Z" finished-at="2015-02-26T18:46:43Z">
          <params>
            <param index="0">
              <value>
                <![CDATA[public void com.javacodegeeks.testng.spring.SpringTestNGTransactionExample.insertEmployeeWithRollbackAsDefault()]]>
              </value>
            </param>
          </params>
          <reporter-output>
          </reporter-output>
        </test-method> <!-- springTestContextAfterTestMethod -->
        <test-method status="PASS" signature="springTestContextBeforeTestMethod(java.lang.reflect.Method)[pri:0, instance:com.javacodegeeks.testng.spring.SpringTestNGTransactionExample@6fd02e5]" name="springTestContextBeforeTestMethod" is-config="true" duration-ms="21" started-at="2015-02-26T18:46:43Z" finished-at="2015-02-26T18:46:43Z">
          <params>
            <param index="0">
              <value>
                <![CDATA[public void com.javacodegeeks.testng.spring.SpringTestNGTransactionExample.tran()]]>
              </value>
            </param>
          </params>
          <reporter-output>
          </reporter-output>
        </test-method> <!-- springTestContextBeforeTestMethod -->
        <test-method status="PASS" signature="springTestContextAfterTestMethod(java.lang.reflect.Method)[pri:0, instance:com.javacodegeeks.testng.spring.SpringTestNGTransactionExample@6fd02e5]" name="springTestContextAfterTestMethod" is-config="true" duration-ms="2" started-at="2015-02-26T18:46:43Z" finished-at="2015-02-26T18:46:43Z">
          <params>
            <param index="0">
              <value>
                <![CDATA[public void com.javacodegeeks.testng.spring.SpringTestNGTransactionExample.tran()]]>
              </value>
            </param>
          </params>
          <reporter-output>
          </reporter-output>
        </test-method> <!-- springTestContextAfterTestMethod -->
        <test-method status="PASS" signature="tran()[pri:0, instance:com.javacodegeeks.testng.spring.SpringTestNGTransactionExample@6fd02e5]" name="tran" duration-ms="0" started-at="2015-02-26T18:46:43Z" finished-at="2015-02-26T18:46:43Z">
          <reporter-output>
          </reporter-output>
        </test-method> <!-- tran -->
        <test-method status="PASS" signature="saveMethodName(java.lang.reflect.Method)[pri:0, instance:com.javacodegeeks.testng.spring.SpringTestNGTransactionExample@6fd02e5]" name="saveMethodName" is-config="true" duration-ms="0" started-at="2015-02-26T18:46:43Z" finished-at="2015-02-26T18:46:43Z">
          <params>
            <param index="0">
              <value>
                <![CDATA[public void com.javacodegeeks.testng.spring.SpringTestNGTransactionExample.tran()]]>
              </value>
            </param>
          </params>
          <reporter-output>
          </reporter-output>
        </test-method> <!-- saveMethodName -->
        <test-method status="PASS" signature="springTestContextAfterTestClass()[pri:0, instance:com.javacodegeeks.testng.spring.SpringTestNGTransactionExample@6fd02e5]" name="springTestContextAfterTestClass" is-config="true" duration-ms="0" started-at="2015-02-26T18:46:43Z" finished-at="2015-02-26T18:46:43Z">
          <reporter-output>
          </reporter-output>
        </test-method> <!-- springTestContextAfterTestClass -->
      </class> <!-- com.javacodegeeks.testng.spring.SpringTestNGTransactionExample -->
    </test> <!-- TestNGSpringIntegrationTest -->
  </suite> <!-- TestNGSpringIntegration Suite -->
</testng-results>
